<?xml version="1.0" encoding="UTF-8"?>
<!-- Generated by org.testng.reporters.JUnitReportReporter -->
<testsuite hostname="LAPTOP-1UGAS3ND" failures="0" tests="5" name="Test.HomePageTest" time="1.178" errors="0" timestamp="2024-10-20T00:29:50 IST" skipped="0">
  <testcase classname="Test.HomePageTest" name="CheckAppLogo" time="0.114"/>
  <testcase classname="Test.HomePageTest" name="CheckSearchBox" time="0.150"/>
  <testcase classname="Test.HomePageTest" name="CheckLaptopAndNoteBook" time="0.097"/>
  <testcase classname="Test.HomePageTest" name="CheckGoBtn" time="0.790"/>
  <testcase classname="Test.HomePageTest" name="initElement" time="0.027"/>
</testsuite> <!-- Test.HomePageTest -->
